# JRE version: OpenJDK Runtime Environment GraalVM CE 22.3.0 (17.0.5+8) (build 17.0.5+8-jvmci-22.3-b08)
# Java VM: OpenJDK 64-Bit Server VM GraalVM CE 22.3.0 (17.0.5+8-jvmci-22.3-b08, mixed mode, sharing, tiered, jvmci, jvmci compiler, compressed oops, compressed class ptrs, parallel gc, linux-amd64)
GC Precious Log:
 CPUs: 8 total, 4 available
 Memory: 8192M
 Large Page Support: Disabled
 NUMA Support: Disabled
 Compressed Oops: Enabled (32-bit)
 Alignments: Space 512K, Generation 512K, Heap 2M
 Heap Min Capacity: 100M
 Heap Initial Capacity: 100M
 Heap Max Capacity: 512M
 Pre-touch: Disabled
 Parallel Workers: 4
Heap:
 PSYoungGen      total 96768K, used 62477K [0x00000000f5580000, 0x00000000fd880000, 0x0000000100000000)
  eden space 82944K, 59% used [0x00000000f5580000,0x00000000f854bef0,0x00000000fa680000)
  from space 13824K, 97% used [0x00000000fb780000,0x00000000fc4b76d0,0x00000000fc500000)
  to   space 14848K, 0% used [0x00000000fca00000,0x00000000fca00000,0x00000000fd880000)
 ParOldGen       total 325632K, used 213793K [0x00000000e0000000, 0x00000000f3e00000, 0x00000000f5580000)
  object space 325632K, 65% used [0x00000000e0000000,0x00000000ed0c87c8,0x00000000f3e00000)
 Metaspace       used 61699K, committed 62656K, reserved 1105920K
  class space    used 5985K, committed 6400K, reserved 1048576K
GC Heap History (20 events):
Event: 14.241 GC heap before
{Heap before GC invocations=74 (full 7):
 PSYoungGen      total 73728K, used 64627K [0x00000000f5580000, 0x00000000fb000000, 0x0000000100000000)
  eden space 61952K, 100% used [0x00000000f5580000,0x00000000f9200000,0x00000000f9200000)
  from space 11776K, 22% used [0x00000000fa400000,0x00000000fa69ce28,0x00000000faf80000)
  to   space 15360K, 0% used [0x00000000f9200000,0x00000000f9200000,0x00000000fa100000)
 ParOldGen       total 341504K, used 250624K [0x00000000e0000000, 0x00000000f4d80000, 0x00000000f5580000)
  object space 341504K, 73% used [0x00000000e0000000,0x00000000ef4c0110,0x00000000f4d80000)
 Metaspace       used 57013K, committed 57920K, reserved 1105920K
  class space    used 5607K, committed 5952K, reserved 1048576K
}
Event: 14.284 GC heap after
{Heap after GC invocations=74 (full 7):
 PSYoungGen      total 77312K, used 15359K [0x00000000f5580000, 0x00000000fbb00000, 0x0000000100000000)
  eden space 61952K, 0% used [0x00000000f5580000,0x00000000f5580000,0x00000000f9200000)
  from space 15360K, 99% used [0x00000000f9200000,0x00000000fa0fff90,0x00000000fa100000)
  to   space 18432K, 0% used [0x00000000fa900000,0x00000000fa900000,0x00000000fbb00000)
 ParOldGen       total 341504K, used 252440K [0x00000000e0000000, 0x00000000f4d80000, 0x00000000f5580000)
  object space 341504K, 73% used [0x00000000e0000000,0x00000000ef6862d8,0x00000000f4d80000)
 Metaspace       used 57013K, committed 57920K, reserved 1105920K
  class space    used 5607K, committed 5952K, reserved 1048576K
}
Event: 14.513 GC heap before
{Heap before GC invocations=75 (full 7):
 PSYoungGen      total 77312K, used 77311K [0x00000000f5580000, 0x00000000fbb00000, 0x0000000100000000)
  eden space 61952K, 100% used [0x00000000f5580000,0x00000000f9200000,0x00000000f9200000)
  from space 15360K, 99% used [0x00000000f9200000,0x00000000fa0fff90,0x00000000fa100000)
  to   space 18432K, 0% used [0x00000000fa900000,0x00000000fa900000,0x00000000fbb00000)
 ParOldGen       total 341504K, used 252440K [0x00000000e0000000, 0x00000000f4d80000, 0x00000000f5580000)
  object space 341504K, 73% used [0x00000000e0000000,0x00000000ef6862d8,0x00000000f4d80000)
 Metaspace       used 57039K, committed 58048K, reserved 1105920K
  class space    used 5611K, committed 6016K, reserved 1048576K
}
Event: 14.539 GC heap after
{Heap after GC invocations=75 (full 7):
 PSYoungGen      total 81920K, used 14391K [0x00000000f5580000, 0x00000000fb780000, 0x0000000100000000)
  eden space 67072K, 0% used [0x00000000f5580000,0x00000000f5580000,0x00000000f9700000)
  from space 14848K, 96% used [0x00000000fa900000,0x00000000fb70df58,0x00000000fb780000)
  to   space 15872K, 0% used [0x00000000f9880000,0x00000000f9880000,0x00000000fa800000)
 ParOldGen       total 341504K, used 267568K [0x00000000e0000000, 0x00000000f4d80000, 0x00000000f5580000)
  object space 341504K, 78% used [0x00000000e0000000,0x00000000f054c270,0x00000000f4d80000)
 Metaspace       used 57039K, committed 58048K, reserved 1105920K
  class space    used 5611K, committed 6016K, reserved 1048576K
}
Event: 14.827 GC heap before
{Heap before GC invocations=76 (full 7):
 PSYoungGen      total 81920K, used 81463K [0x00000000f5580000, 0x00000000fb780000, 0x0000000100000000)
  eden space 67072K, 100% used [0x00000000f5580000,0x00000000f9700000,0x00000000f9700000)
  from space 14848K, 96% used [0x00000000fa900000,0x00000000fb70df58,0x00000000fb780000)
  to   space 15872K, 0% used [0x00000000f9880000,0x00000000f9880000,0x00000000fa800000)
 ParOldGen       total 341504K, used 267568K [0x00000000e0000000, 0x00000000f4d80000, 0x00000000f5580000)
  object space 341504K, 78% used [0x00000000e0000000,0x00000000f054c270,0x00000000f4d80000)
 Metaspace       used 57039K, committed 58048K, reserved 1105920K
  class space    used 5611K, committed 6016K, reserved 1048576K
}
Event: 14.867 GC heap after
{Heap after GC invocations=76 (full 7):
 PSYoungGen      total 84480K, used 15867K [0x00000000f5580000, 0x00000000fdc00000, 0x0000000100000000)
  eden space 68608K, 0% used [0x00000000f5580000,0x00000000f5580000,0x00000000f9880000)
  from space 15872K, 99% used [0x00000000f9880000,0x00000000fa7fee80,0x00000000fa800000)
  to   space 32256K, 0% used [0x00000000fbc80000,0x00000000fbc80000,0x00000000fdc00000)
 ParOldGen       total 341504K, used 280951K [0x00000000e0000000, 0x00000000f4d80000, 0x00000000f5580000)
  object space 341504K, 82% used [0x00000000e0000000,0x00000000f125df48,0x00000000f4d80000)
 Metaspace       used 57039K, committed 58048K, reserved 1105920K
  class space    used 5611K, committed 6016K, reserved 1048576K
}
Event: 15.135 GC heap before
{Heap before GC invocations=77 (full 7):
 PSYoungGen      total 84480K, used 80357K [0x00000000f5580000, 0x00000000fdc00000, 0x0000000100000000)
  eden space 68608K, 93% used [0x00000000f5580000,0x00000000f947a678,0x00000000f9880000)
  from space 15872K, 99% used [0x00000000f9880000,0x00000000fa7fee80,0x00000000fa800000)
  to   space 32256K, 0% used [0x00000000fbc80000,0x00000000fbc80000,0x00000000fdc00000)
 ParOldGen       total 341504K, used 280951K [0x00000000e0000000, 0x00000000f4d80000, 0x00000000f5580000)
  object space 341504K, 82% used [0x00000000e0000000,0x00000000f125df48,0x00000000f4d80000)
 Metaspace       used 57039K, committed 58048K, reserved 1105920K
  class space    used 5611K, committed 6016K, reserved 1048576K
}
Event: 15.171 GC heap after
{Heap after GC invocations=77 (full 7):
 PSYoungGen      total 89088K, used 14195K [0x00000000f5580000, 0x00000000fca80000, 0x0000000100000000)
  eden space 74752K, 0% used [0x00000000f5580000,0x00000000f5580000,0x00000000f9e80000)
  from space 14336K, 99% used [0x00000000fbc80000,0x00000000fca5cd40,0x00000000fca80000)
  to   space 19968K, 0% used [0x00000000fa380000,0x00000000fa380000,0x00000000fb700000)
 ParOldGen       total 341504K, used 296992K [0x00000000e0000000, 0x00000000f4d80000, 0x00000000f5580000)
  object space 341504K, 86% used [0x00000000e0000000,0x00000000f2208118,0x00000000f4d80000)
 Metaspace       used 57039K, committed 58048K, reserved 1105920K
  class space    used 5611K, committed 6016K, reserved 1048576K
}
Event: 15.538 GC heap before
{Heap before GC invocations=78 (full 7):
 PSYoungGen      total 89088K, used 88947K [0x00000000f5580000, 0x00000000fca80000, 0x0000000100000000)
  eden space 74752K, 100% used [0x00000000f5580000,0x00000000f9e80000,0x00000000f9e80000)
  from space 14336K, 99% used [0x00000000fbc80000,0x00000000fca5cd40,0x00000000fca80000)
  to   space 19968K, 0% used [0x00000000fa380000,0x00000000fa380000,0x00000000fb700000)
 ParOldGen       total 341504K, used 296992K [0x00000000e0000000, 0x00000000f4d80000, 0x00000000f5580000)
  object space 341504K, 86% used [0x00000000e0000000,0x00000000f2208118,0x00000000f4d80000)
 Metaspace       used 57041K, committed 58048K, reserved 1105920K
  class space    used 5611K, committed 6016K, reserved 1048576K
}
Event: 15.589 GC heap after
{Heap after GC invocations=78 (full 7):
 PSYoungGen      total 99840K, used 19964K [0x00000000f5580000, 0x0000000100000000, 0x0000000100000000)
  eden space 79872K, 0% used [0x00000000f5580000,0x00000000f5580000,0x00000000fa380000)
  from space 19968K, 99% used [0x00000000fa380000,0x00000000fb6ff1e8,0x00000000fb700000)
  to   space 46592K, 0% used [0x00000000fd280000,0x00000000fd280000,0x0000000100000000)
 ParOldGen       total 341504K, used 318703K [0x00000000e0000000, 0x00000000f4d80000, 0x00000000f5580000)
  object space 341504K, 93% used [0x00000000e0000000,0x00000000f373bf40,0x00000000f4d80000)
 Metaspace       used 57041K, committed 58048K, reserved 1105920K
  class space    used 5611K, committed 6016K, reserved 1048576K
}
Event: 16.887 GC heap before
{Heap before GC invocations=79 (full 7):
 PSYoungGen      total 99840K, used 99665K [0x00000000f5580000, 0x0000000100000000, 0x0000000100000000)
  eden space 79872K, 99% used [0x00000000f5580000,0x00000000fa355240,0x00000000fa380000)
  from space 19968K, 99% used [0x00000000fa380000,0x00000000fb6ff1e8,0x00000000fb700000)
  to   space 46592K, 0% used [0x00000000fd280000,0x00000000fd280000,0x0000000100000000)
 ParOldGen       total 341504K, used 318703K [0x00000000e0000000, 0x00000000f4d80000, 0x00000000f5580000)
  object space 341504K, 93% used [0x00000000e0000000,0x00000000f373bf40,0x00000000f4d80000)
 Metaspace       used 57064K, committed 58048K, reserved 1105920K
  class space    used 5612K, committed 6016K, reserved 1048576K
}
Event: 16.953 GC heap after
{Heap after GC invocations=79 (full 7):
 PSYoungGen      total 126976K, used 40021K [0x00000000f5580000, 0x00000000ffa00000, 0x0000000100000000)
  eden space 86528K, 0% used [0x00000000f5580000,0x00000000f5580000,0x00000000faa00000)
  from space 40448K, 98% used [0x00000000fd280000,0x00000000ff995770,0x00000000ffa00000)
  to   space 40960K, 0% used [0x00000000faa00000,0x00000000faa00000,0x00000000fd200000)
 ParOldGen       total 341504K, used 338652K [0x00000000e0000000, 0x00000000f4d80000, 0x00000000f5580000)
  object space 341504K, 99% used [0x00000000e0000000,0x00000000f4ab7378,0x00000000f4d80000)
 Metaspace       used 57064K, committed 58048K, reserved 1105920K
  class space    used 5612K, committed 6016K, reserved 1048576K
}
Event: 16.953 GC heap before
{Heap before GC invocations=80 (full 8):
 PSYoungGen      total 126976K, used 40021K [0x00000000f5580000, 0x00000000ffa00000, 0x0000000100000000)
  eden space 86528K, 0% used [0x00000000f5580000,0x00000000f5580000,0x00000000faa00000)
  from space 40448K, 98% used [0x00000000fd280000,0x00000000ff995770,0x00000000ffa00000)
  to   space 40960K, 0% used [0x00000000faa00000,0x00000000faa00000,0x00000000fd200000)
 ParOldGen       total 341504K, used 338652K [0x00000000e0000000, 0x00000000f4d80000, 0x00000000f5580000)
  object space 341504K, 99% used [0x00000000e0000000,0x00000000f4ab7378,0x00000000f4d80000)
 Metaspace       used 57064K, committed 58048K, reserved 1105920K
  class space    used 5612K, committed 6016K, reserved 1048576K
}
Event: 17.459 GC heap after
{Heap after GC invocations=80 (full 8):
 PSYoungGen      total 127488K, used 31015K [0x00000000f5580000, 0x0000000100000000, 0x0000000100000000)
  eden space 87040K, 0% used [0x00000000f5580000,0x00000000f5580000,0x00000000faa80000)
  from space 40448K, 76% used [0x00000000fd280000,0x00000000ff0c9c40,0x00000000ffa00000)
  to   space 40960K, 0% used [0x00000000faa80000,0x00000000faa80000,0x00000000fd280000)
 ParOldGen       total 349696K, used 341290K [0x00000000e0000000, 0x00000000f5580000, 0x00000000f5580000)
  object space 349696K, 97% used [0x00000000e0000000,0x00000000f4d4a9c8,0x00000000f5580000)
 Metaspace       used 57064K, committed 58048K, reserved 1105920K
  class space    used 5612K, committed 6016K, reserved 1048576K
}
Event: 20.373 GC heap before
{Heap before GC invocations=81 (full 9):
 PSYoungGen      total 127488K, used 118055K [0x00000000f5580000, 0x0000000100000000, 0x0000000100000000)
  eden space 87040K, 100% used [0x00000000f5580000,0x00000000faa80000,0x00000000faa80000)
  from space 40448K, 76% used [0x00000000fd280000,0x00000000ff0c9c40,0x00000000ffa00000)
  to   space 40960K, 0% used [0x00000000faa80000,0x00000000faa80000,0x00000000fd280000)
 ParOldGen       total 349696K, used 341290K [0x00000000e0000000, 0x00000000f5580000, 0x00000000f5580000)
  object space 349696K, 97% used [0x00000000e0000000,0x00000000f4d4a9c8,0x00000000f5580000)
 Metaspace       used 57186K, committed 58240K, reserved 1105920K
  class space    used 5623K, committed 6080K, reserved 1048576K
}
Event: 20.563 GC heap after
{Heap after GC invocations=81 (full 9):
 PSYoungGen      total 128000K, used 0K [0x00000000f5580000, 0x0000000100000000, 0x0000000100000000)
  eden space 87040K, 0% used [0x00000000f5580000,0x00000000f5580000,0x00000000faa80000)
  from space 40960K, 0% used [0x00000000faa80000,0x00000000faa80000,0x00000000fd280000)
  to   space 40960K, 0% used [0x00000000fd800000,0x00000000fd800000,0x0000000100000000)
 ParOldGen       total 325632K, used 213793K [0x00000000e0000000, 0x00000000f3e00000, 0x00000000f5580000)
  object space 325632K, 65% used [0x00000000e0000000,0x00000000ed0c87c8,0x00000000f3e00000)
 Metaspace       used 57186K, committed 58240K, reserved 1105920K
  class space    used 5623K, committed 6080K, reserved 1048576K
}
Event: 108.142 GC heap before
{Heap before GC invocations=82 (full 9):
 PSYoungGen      total 128000K, used 87040K [0x00000000f5580000, 0x0000000100000000, 0x0000000100000000)
  eden space 87040K, 100% used [0x00000000f5580000,0x00000000faa80000,0x00000000faa80000)
  from space 40960K, 0% used [0x00000000faa80000,0x00000000faa80000,0x00000000fd280000)
  to   space 40960K, 0% used [0x00000000fd800000,0x00000000fd800000,0x0000000100000000)
 ParOldGen       total 325632K, used 213793K [0x00000000e0000000, 0x00000000f3e00000, 0x00000000f5580000)
  object space 325632K, 65% used [0x00000000e0000000,0x00000000ed0c87c8,0x00000000f3e00000)
 Metaspace       used 59764K, committed 60736K, reserved 1105920K
  class space    used 5836K, committed 6272K, reserved 1048576K
}
Event: 108.163 GC heap after
{Heap after GC invocations=82 (full 9):
 PSYoungGen      total 96768K, used 11614K [0x00000000f5580000, 0x00000000fe380000, 0x0000000100000000)
  eden space 84992K, 0% used [0x00000000f5580000,0x00000000f5580000,0x00000000fa880000)
  from space 11776K, 98% used [0x00000000fd800000,0x00000000fe357a68,0x00000000fe380000)
  to   space 22528K, 0% used [0x00000000fb780000,0x00000000fb780000,0x00000000fcd80000)
 ParOldGen       total 325632K, used 213793K [0x00000000e0000000, 0x00000000f3e00000, 0x00000000f5580000)
  object space 325632K, 65% used [0x00000000e0000000,0x00000000ed0c87c8,0x00000000f3e00000)
 Metaspace       used 59764K, committed 60736K, reserved 1105920K
  class space    used 5836K, committed 6272K, reserved 1048576K
}
Event: 142.890 GC heap before
{Heap before GC invocations=83 (full 9):
 PSYoungGen      total 96768K, used 96606K [0x00000000f5580000, 0x00000000fe380000, 0x0000000100000000)
  eden space 84992K, 100% used [0x00000000f5580000,0x00000000fa880000,0x00000000fa880000)
  from space 11776K, 98% used [0x00000000fd800000,0x00000000fe357a68,0x00000000fe380000)
  to   space 22528K, 0% used [0x00000000fb780000,0x00000000fb780000,0x00000000fcd80000)
 ParOldGen       total 325632K, used 213793K [0x00000000e0000000, 0x00000000f3e00000, 0x00000000f5580000)
  object space 325632K, 65% used [0x00000000e0000000,0x00000000ed0c87c8,0x00000000f3e00000)
 Metaspace       used 61515K, committed 62528K, reserved 1105920K
  class space    used 5982K, committed 6400K, reserved 1048576K
}
Event: 142.911 GC heap after
{Heap after GC invocations=83 (full 9):
 PSYoungGen      total 96768K, used 13533K [0x00000000f5580000, 0x00000000fd880000, 0x0000000100000000)
  eden space 82944K, 0% used [0x00000000f5580000,0x00000000f5580000,0x00000000fa680000)
  from space 13824K, 97% used [0x00000000fb780000,0x00000000fc4b76d0,0x00000000fc500000)
  to   space 14848K, 0% used [0x00000000fca00000,0x00000000fca00000,0x00000000fd880000)
 ParOldGen       total 325632K, used 213793K [0x00000000e0000000, 0x00000000f3e00000, 0x00000000f5580000)
  object space 325632K, 65% used [0x00000000e0000000,0x00000000ed0c87c8,0x00000000f3e00000)
 Metaspace       used 61515K, committed 62528K, reserved 1105920K
  class space    used 5982K, committed 6400K, reserved 1048576K
}

